# JRE version: Java(TM) SE Runtime Environment (8.0_121-b13) (build 1.8.0_121-b13)
# Java VM: Java HotSpot(TM) 64-Bit Server VM (25.121-b13 mixed mode windows-amd64 compressed oops)
Heap:
 PSYoungGen      total 143360K, used 20570K [0x00000000d6200000, 0x00000000dfc00000, 0x0000000100000000)
  eden space 130560K, 5% used [0x00000000d6200000,0x00000000d6996be0,0x00000000de180000)
  from space 12800K, 99% used [0x00000000dee80000,0x00000000dfafff38,0x00000000dfb00000)
  to   space 13312K, 0% used [0x00000000de180000,0x00000000de180000,0x00000000dee80000)
 ParOldGen       total 79872K, used 28098K [0x0000000082600000, 0x0000000087400000, 0x00000000d6200000)
  object space 79872K, 35% used [0x0000000082600000,0x00000000841708c0,0x0000000087400000)
 Metaspace       used 25034K, capacity 25768K, committed 25856K, reserved 1073152K
  class space    used 2884K, capacity 3041K, committed 3072K, reserved 1048576K
GC Heap History (10 events):
Event: 2.565 GC heap before
{Heap before GC invocations=5 (full 0):
 PSYoungGen      total 70656K, used 70640K [0x00000000d6200000, 0x00000000dac00000, 0x0000000100000000)
  eden space 65536K, 100% used [0x00000000d6200000,0x00000000da200000,0x00000000da200000)
  from space 5120K, 99% used [0x00000000da700000,0x00000000dabfc040,0x00000000dac00000)
  to   space 5120K, 0% used [0x00000000da200000,0x00000000da200000,0x00000000da700000)
 ParOldGen       total 86016K, used 9819K [0x0000000082600000, 0x0000000087a00000, 0x00000000d6200000)
  object space 86016K, 11% used [0x0000000082600000,0x0000000082f96c28,0x0000000087a00000)
 Metaspace       used 16450K, capacity 16792K, committed 17152K, reserved 1064960K
  class space    used 1946K, capacity 2015K, committed 2048K, reserved 1048576K
Event: 2.578 GC heap after
Heap after GC invocations=5 (full 0):
 PSYoungGen      total 70656K, used 5104K [0x00000000d6200000, 0x00000000dfb00000, 0x0000000100000000)
  eden space 65536K, 0% used [0x00000000d6200000,0x00000000d6200000,0x00000000da200000)
  from space 5120K, 99% used [0x00000000da200000,0x00000000da6fc060,0x00000000da700000)
  to   space 12800K, 0% used [0x00000000dee80000,0x00000000dee80000,0x00000000dfb00000)
 ParOldGen       total 86016K, used 16135K [0x0000000082600000, 0x0000000087a00000, 0x00000000d6200000)
  object space 86016K, 18% used [0x0000000082600000,0x00000000835c1f28,0x0000000087a00000)
 Metaspace       used 16450K, capacity 16792K, committed 17152K, reserved 1064960K
  class space    used 1946K, capacity 2015K, committed 2048K, reserved 1048576K
}
Event: 3.050 GC heap before
{Heap before GC invocations=6 (full 0):
 PSYoungGen      total 70656K, used 70640K [0x00000000d6200000, 0x00000000dfb00000, 0x0000000100000000)
  eden space 65536K, 100% used [0x00000000d6200000,0x00000000da200000,0x00000000da200000)
  from space 5120K, 99% used [0x00000000da200000,0x00000000da6fc060,0x00000000da700000)
  to   space 12800K, 0% used [0x00000000dee80000,0x00000000dee80000,0x00000000dfb00000)
 ParOldGen       total 86016K, used 16135K [0x0000000082600000, 0x0000000087a00000, 0x00000000d6200000)
  object space 86016K, 18% used [0x0000000082600000,0x00000000835c1f28,0x0000000087a00000)
 Metaspace       used 16905K, capacity 17322K, committed 17536K, reserved 1064960K
  class space    used 1964K, capacity 2082K, committed 2176K, reserved 1048576K
Event: 3.061 GC heap after
Heap after GC invocations=6 (full 0):
 PSYoungGen      total 143360K, used 10288K [0x00000000d6200000, 0x00000000dfc00000, 0x0000000100000000)
  eden space 130560K, 0% used [0x00000000d6200000,0x00000000d6200000,0x00000000de180000)
  from space 12800K, 80% used [0x00000000dee80000,0x00000000df88c040,0x00000000dfb00000)
  to   space 13312K, 0% used [0x00000000de180000,0x00000000de180000,0x00000000dee80000)
 ParOldGen       total 86016K, used 16143K [0x0000000082600000, 0x0000000087a00000, 0x00000000d6200000)
  object space 86016K, 18% used [0x0000000082600000,0x00000000835c3f28,0x0000000087a00000)
 Metaspace       used 16905K, capacity 17322K, committed 17536K, reserved 1064960K
  class space    used 1964K, capacity 2082K, committed 2176K, reserved 1048576K
}
Event: 3.996 GC heap before
{Heap before GC invocations=7 (full 0):
 PSYoungGen      total 143360K, used 70763K [0x00000000d6200000, 0x00000000dfc00000, 0x0000000100000000)
  eden space 130560K, 46% used [0x00000000d6200000,0x00000000d9d0ec30,0x00000000de180000)
  from space 12800K, 80% used [0x00000000dee80000,0x00000000df88c040,0x00000000dfb00000)
  to   space 13312K, 0% used [0x00000000de180000,0x00000000de180000,0x00000000dee80000)
 ParOldGen       total 86016K, used 16143K [0x0000000082600000, 0x0000000087a00000, 0x00000000d6200000)
  object space 86016K, 18% used [0x0000000082600000,0x00000000835c3f28,0x0000000087a00000)
 Metaspace       used 20592K, capacity 21160K, committed 21248K, reserved 1069056K
  class space    used 2425K, capacity 2555K, committed 2560K, reserved 1048576K
Event: 4.005 GC heap after
Heap after GC invocations=7 (full 0):
 PSYoungGen      total 143872K, used 12497K [0x00000000d6200000, 0x00000000dfc00000, 0x0000000100000000)
  eden space 130560K, 0% used [0x00000000d6200000,0x00000000d6200000,0x00000000de180000)
  from space 13312K, 93% used [0x00000000de180000,0x00000000dedb44f8,0x00000000dee80000)
  to   space 12800K, 0% used [0x00000000dee80000,0x00000000dee80000,0x00000000dfb00000)
 ParOldGen       total 86016K, used 17984K [0x0000000082600000, 0x0000000087a00000, 0x00000000d6200000)
  object space 86016K, 20% used [0x0000000082600000,0x0000000083790358,0x0000000087a00000)
 Metaspace       used 20592K, capacity 21160K, committed 21248K, reserved 1069056K
  class space    used 2425K, capacity 2555K, committed 2560K, reserved 1048576K
}
Event: 4.005 GC heap before
{Heap before GC invocations=8 (full 1):
 PSYoungGen      total 143872K, used 12497K [0x00000000d6200000, 0x00000000dfc00000, 0x0000000100000000)
  eden space 130560K, 0% used [0x00000000d6200000,0x00000000d6200000,0x00000000de180000)
  from space 13312K, 93% used [0x00000000de180000,0x00000000dedb44f8,0x00000000dee80000)
  to   space 12800K, 0% used [0x00000000dee80000,0x00000000dee80000,0x00000000dfb00000)
 ParOldGen       total 86016K, used 17984K [0x0000000082600000, 0x0000000087a00000, 0x00000000d6200000)
  object space 86016K, 20% used [0x0000000082600000,0x0000000083790358,0x0000000087a00000)
 Metaspace       used 20592K, capacity 21160K, committed 21248K, reserved 1069056K
  class space    used 2425K, capacity 2555K, committed 2560K, reserved 1048576K
Event: 4.067 GC heap after
Heap after GC invocations=8 (full 1):
 PSYoungGen      total 143872K, used 0K [0x00000000d6200000, 0x00000000dfc00000, 0x0000000100000000)
  eden space 130560K, 0% used [0x00000000d6200000,0x00000000d6200000,0x00000000de180000)
  from space 13312K, 0% used [0x00000000de180000,0x00000000de180000,0x00000000dee80000)
  to   space 12800K, 0% used [0x00000000dee80000,0x00000000dee80000,0x00000000dfb00000)
 ParOldGen       total 79872K, used 23313K [0x0000000082600000, 0x0000000087400000, 0x00000000d6200000)
  object space 79872K, 29% used [0x0000000082600000,0x0000000083cc4470,0x0000000087400000)
 Metaspace       used 20592K, capacity 21160K, committed 21248K, reserved 1069056K
  class space    used 2425K, capacity 2555K, committed 2560K, reserved 1048576K
}
Event: 5.676 GC heap before
{Heap before GC invocations=9 (full 1):
 PSYoungGen      total 143872K, used 130560K [0x00000000d6200000, 0x00000000dfc00000, 0x0000000100000000)
  eden space 130560K, 100% used [0x00000000d6200000,0x00000000de180000,0x00000000de180000)
  from space 13312K, 0% used [0x00000000de180000,0x00000000de180000,0x00000000dee80000)
  to   space 12800K, 0% used [0x00000000dee80000,0x00000000dee80000,0x00000000dfb00000)
 ParOldGen       total 79872K, used 23313K [0x0000000082600000, 0x0000000087400000, 0x00000000d6200000)
  object space 79872K, 29% used [0x0000000082600000,0x0000000083cc4470,0x0000000087400000)
 Metaspace       used 24999K, capacity 25698K, committed 25856K, reserved 1073152K
  class space    used 2880K, capacity 3040K, committed 3072K, reserved 1048576K
Event: 5.688 GC heap after
Heap after GC invocations=9 (full 1):
 PSYoungGen      total 143360K, used 12799K [0x00000000d6200000, 0x00000000dfc00000, 0x0000000100000000)
  eden space 130560K, 0% used [0x00000000d6200000,0x00000000d6200000,0x00000000de180000)
  from space 12800K, 99% used [0x00000000dee80000,0x00000000dfafff38,0x00000000dfb00000)
  to   space 13312K, 0% used [0x00000000de180000,0x00000000de180000,0x00000000dee80000)
 ParOldGen       total 79872K, used 28098K [0x0000000082600000, 0x0000000087400000, 0x00000000d6200000)
  object space 79872K, 35% used [0x0000000082600000,0x00000000841708c0,0x0000000087400000)
 Metaspace       used 24999K, capacity 25698K, committed 25856K, reserved 1073152K
  class space    used 2880K, capacity 3040K, committed 3072K, reserved 1048576K
}

