# JRE version: Java(TM) SE Runtime Environment (8.0_121-b13) (build 1.8.0_121-b13)
# Java VM: Java HotSpot(TM) 64-Bit Server VM (25.121-b13 mixed mode windows-amd64 compressed oops)
Heap:
 PSYoungGen      total 70656K, used 67077K [0x00000000d6200000, 0x00000000dac00000, 0x0000000100000000)
  eden space 65536K, 96% used [0x00000000d6200000,0x00000000d9fb2c28,0x00000000da200000)
  from space 5120K, 76% used [0x00000000da200000,0x00000000da5ce828,0x00000000da700000)
  to   space 5120K, 0% used [0x00000000da700000,0x00000000da700000,0x00000000dac00000)
 ParOldGen       total 50688K, used 15228K [0x0000000082600000, 0x0000000085780000, 0x00000000d6200000)
  object space 50688K, 30% used [0x0000000082600000,0x00000000834df088,0x0000000085780000)
 Metaspace       used 37609K, capacity 39362K, committed 39472K, reserved 1083392K
  class space    used 4823K, capacity 5147K, committed 5168K, reserved 1048576K
GC Heap History (10 events):
Event: 2.185 GC heap before
{Heap before GC invocations=7 (full 1):
 PSYoungGen      total 70656K, used 65536K [0x00000000d6200000, 0x00000000dac00000, 0x0000000100000000)
  eden space 65536K, 100% used [0x00000000d6200000,0x00000000da200000,0x00000000da200000)
  from space 5120K, 0% used [0x00000000da200000,0x00000000da200000,0x00000000da700000)
  to   space 5120K, 0% used [0x00000000da700000,0x00000000da700000,0x00000000dac00000)
 ParOldGen       total 50688K, used 5439K [0x0000000082600000, 0x0000000085780000, 0x00000000d6200000)
  object space 50688K, 10% used [0x0000000082600000,0x0000000082b4fdc8,0x0000000085780000)
 Metaspace       used 26249K, capacity 27054K, committed 27184K, reserved 1073152K
  class space    used 3380K, capacity 3577K, committed 3632K, reserved 1048576K
Event: 2.193 GC heap after
Heap after GC invocations=7 (full 1):
 PSYoungGen      total 70656K, used 5094K [0x00000000d6200000, 0x00000000dac00000, 0x0000000100000000)
  eden space 65536K, 0% used [0x00000000d6200000,0x00000000d6200000,0x00000000da200000)
  from space 5120K, 99% used [0x00000000da700000,0x00000000dabf9870,0x00000000dac00000)
  to   space 5120K, 0% used [0x00000000da200000,0x00000000da200000,0x00000000da700000)
 ParOldGen       total 50688K, used 7587K [0x0000000082600000, 0x0000000085780000, 0x00000000d6200000)
  object space 50688K, 14% used [0x0000000082600000,0x0000000082d68d10,0x0000000085780000)
 Metaspace       used 26249K, capacity 27054K, committed 27184K, reserved 1073152K
  class space    used 3380K, capacity 3577K, committed 3632K, reserved 1048576K
}
Event: 3.109 GC heap before
{Heap before GC invocations=8 (full 1):
 PSYoungGen      total 70656K, used 70630K [0x00000000d6200000, 0x00000000dac00000, 0x0000000100000000)
  eden space 65536K, 100% used [0x00000000d6200000,0x00000000da200000,0x00000000da200000)
  from space 5120K, 99% used [0x00000000da700000,0x00000000dabf9870,0x00000000dac00000)
  to   space 5120K, 0% used [0x00000000da200000,0x00000000da200000,0x00000000da700000)
 ParOldGen       total 50688K, used 7587K [0x0000000082600000, 0x0000000085780000, 0x00000000d6200000)
  object space 50688K, 14% used [0x0000000082600000,0x0000000082d68d10,0x0000000085780000)
 Metaspace       used 29819K, capacity 30874K, committed 31024K, reserved 1077248K
  class space    used 3836K, capacity 4063K, committed 4144K, reserved 1048576K
Event: 3.117 GC heap after
Heap after GC invocations=8 (full 1):
 PSYoungGen      total 70656K, used 5092K [0x00000000d6200000, 0x00000000dac00000, 0x0000000100000000)
  eden space 65536K, 0% used [0x00000000d6200000,0x00000000d6200000,0x00000000da200000)
  from space 5120K, 99% used [0x00000000da200000,0x00000000da6f9040,0x00000000da700000)
  to   space 5120K, 0% used [0x00000000da700000,0x00000000da700000,0x00000000dac00000)
 ParOldGen       total 50688K, used 10761K [0x0000000082600000, 0x0000000085780000, 0x00000000d6200000)
  object space 50688K, 21% used [0x0000000082600000,0x0000000083082658,0x0000000085780000)
 Metaspace       used 29819K, capacity 30874K, committed 31024K, reserved 1077248K
  class space    used 3836K, capacity 4063K, committed 4144K, reserved 1048576K
}
Event: 3.908 GC heap before
{Heap before GC invocations=9 (full 1):
 PSYoungGen      total 70656K, used 69480K [0x00000000d6200000, 0x00000000dac00000, 0x0000000100000000)
  eden space 65536K, 98% used [0x00000000d6200000,0x00000000da0e10e0,0x00000000da200000)
  from space 5120K, 99% used [0x00000000da200000,0x00000000da6f9040,0x00000000da700000)
  to   space 5120K, 0% used [0x00000000da700000,0x00000000da700000,0x00000000dac00000)
 ParOldGen       total 50688K, used 10761K [0x0000000082600000, 0x0000000085780000, 0x00000000d6200000)
  object space 50688K, 21% used [0x0000000082600000,0x0000000083082658,0x0000000085780000)
 Metaspace       used 34222K, capacity 35380K, committed 35496K, reserved 1081344K
  class space    used 4367K, capacity 4634K, committed 4656K, reserved 1048576K
Event: 3.915 GC heap after
Heap after GC invocations=9 (full 1):
 PSYoungGen      total 70656K, used 5088K [0x00000000d6200000, 0x00000000dac00000, 0x0000000100000000)
  eden space 65536K, 0% used [0x00000000d6200000,0x00000000d6200000,0x00000000da200000)
  from space 5120K, 99% used [0x00000000da700000,0x00000000dabf8020,0x00000000dac00000)
  to   space 5120K, 0% used [0x00000000da200000,0x00000000da200000,0x00000000da700000)
 ParOldGen       total 50688K, used 15233K [0x0000000082600000, 0x0000000085780000, 0x00000000d6200000)
  object space 50688K, 30% used [0x0000000082600000,0x00000000834e0668,0x0000000085780000)
 Metaspace       used 34222K, capacity 35380K, committed 35496K, reserved 1081344K
  class space    used 4367K, capacity 4634K, committed 4656K, reserved 1048576K
}
Event: 3.915 GC heap before
{Heap before GC invocations=10 (full 2):
 PSYoungGen      total 70656K, used 5088K [0x00000000d6200000, 0x00000000dac00000, 0x0000000100000000)
  eden space 65536K, 0% used [0x00000000d6200000,0x00000000d6200000,0x00000000da200000)
  from space 5120K, 99% used [0x00000000da700000,0x00000000dabf8020,0x00000000dac00000)
  to   space 5120K, 0% used [0x00000000da200000,0x00000000da200000,0x00000000da700000)
 ParOldGen       total 50688K, used 15233K [0x0000000082600000, 0x0000000085780000, 0x00000000d6200000)
  object space 50688K, 30% used [0x0000000082600000,0x00000000834e0668,0x0000000085780000)
 Metaspace       used 34222K, capacity 35380K, committed 35496K, reserved 1081344K
  class space    used 4367K, capacity 4634K, committed 4656K, reserved 1048576K
Event: 3.972 GC heap after
Heap after GC invocations=10 (full 2):
 PSYoungGen      total 70656K, used 0K [0x00000000d6200000, 0x00000000dac00000, 0x0000000100000000)
  eden space 65536K, 0% used [0x00000000d6200000,0x00000000d6200000,0x00000000da200000)
  from space 5120K, 0% used [0x00000000da700000,0x00000000da700000,0x00000000dac00000)
  to   space 5120K, 0% used [0x00000000da200000,0x00000000da200000,0x00000000da700000)
 ParOldGen       total 50688K, used 15220K [0x0000000082600000, 0x0000000085780000, 0x00000000d6200000)
  object space 50688K, 30% used [0x0000000082600000,0x00000000834dd088,0x0000000085780000)
 Metaspace       used 34222K, capacity 35380K, committed 35496K, reserved 1081344K
  class space    used 4367K, capacity 4634K, committed 4656K, reserved 1048576K
}
Event: 4.588 GC heap before
{Heap before GC invocations=11 (full 2):
 PSYoungGen      total 70656K, used 65536K [0x00000000d6200000, 0x00000000dac00000, 0x0000000100000000)
  eden space 65536K, 100% used [0x00000000d6200000,0x00000000da200000,0x00000000da200000)
  from space 5120K, 0% used [0x00000000da700000,0x00000000da700000,0x00000000dac00000)
  to   space 5120K, 0% used [0x00000000da200000,0x00000000da200000,0x00000000da700000)
 ParOldGen       total 50688K, used 15220K [0x0000000082600000, 0x0000000085780000, 0x00000000d6200000)
  object space 50688K, 30% used [0x0000000082600000,0x00000000834dd088,0x0000000085780000)
 Metaspace       used 36071K, capacity 37666K, committed 37808K, reserved 1081344K
  class space    used 4623K, capacity 4941K, committed 5040K, reserved 1048576K
Event: 4.592 GC heap after
Heap after GC invocations=11 (full 2):
 PSYoungGen      total 70656K, used 3898K [0x00000000d6200000, 0x00000000dac00000, 0x0000000100000000)
  eden space 65536K, 0% used [0x00000000d6200000,0x00000000d6200000,0x00000000da200000)
  from space 5120K, 76% used [0x00000000da200000,0x00000000da5ce828,0x00000000da700000)
  to   space 5120K, 0% used [0x00000000da700000,0x00000000da700000,0x00000000dac00000)
 ParOldGen       total 50688K, used 15228K [0x0000000082600000, 0x0000000085780000, 0x00000000d6200000)
  object space 50688K, 30% used [0x0000000082600000,0x00000000834df088,0x0000000085780000)
 Metaspace       used 36071K, capacity 37666K, committed 37808K, reserved 1081344K
  class space    used 4623K, capacity 4941K, committed 5040K, reserved 1048576K
}

