# JRE version: Java(TM) SE Runtime Environment (8.0_121-b13) (build 1.8.0_121-b13)
# Java VM: Java HotSpot(TM) 64-Bit Server VM (25.121-b13 mixed mode windows-amd64 compressed oops)
Heap:
 PSYoungGen      total 70656K, used 29618K [0x00000000d6200000, 0x00000000df300000, 0x0000000100000000)
  eden space 65536K, 45% used [0x00000000d6200000,0x00000000d7eecbf8,0x00000000da200000)
  from space 5120K, 0% used [0x00000000da200000,0x00000000da200000,0x00000000da700000)
  to   space 8704K, 0% used [0x00000000dea80000,0x00000000dea80000,0x00000000df300000)
 ParOldGen       total 48640K, used 5466K [0x0000000082600000, 0x0000000085580000, 0x00000000d6200000)
  object space 48640K, 11% used [0x0000000082600000,0x0000000082b56968,0x0000000085580000)
 Metaspace       used 23270K, capacity 23948K, committed 24240K, reserved 1073152K
  class space    used 3016K, capacity 3176K, committed 3248K, reserved 1048576K
GC Heap History (10 events):
Event: 0.979 GC heap before
{Heap before GC invocations=2 (full 0):
 PSYoungGen      total 37888K, used 37861K [0x00000000d6200000, 0x00000000d8c00000, 0x0000000100000000)
  eden space 32768K, 100% used [0x00000000d6200000,0x00000000d8200000,0x00000000d8200000)
  from space 5120K, 99% used [0x00000000d8200000,0x00000000d86f9620,0x00000000d8700000)
  to   space 5120K, 0% used [0x00000000d8700000,0x00000000d8700000,0x00000000d8c00000)
 ParOldGen       total 86016K, used 200K [0x0000000082600000, 0x0000000087a00000, 0x00000000d6200000)
  object space 86016K, 0% used [0x0000000082600000,0x00000000826322a8,0x0000000087a00000)
 Metaspace       used 13289K, capacity 13610K, committed 13824K, reserved 1060864K
  class space    used 1597K, capacity 1697K, committed 1792K, reserved 1048576K
Event: 0.983 GC heap after
Heap after GC invocations=2 (full 0):
 PSYoungGen      total 37888K, used 5111K [0x00000000d6200000, 0x00000000d8c00000, 0x0000000100000000)
  eden space 32768K, 0% used [0x00000000d6200000,0x00000000d6200000,0x00000000d8200000)
  from space 5120K, 99% used [0x00000000d8700000,0x00000000d8bfddf8,0x00000000d8c00000)
  to   space 5120K, 0% used [0x00000000d8200000,0x00000000d8200000,0x00000000d8700000)
 ParOldGen       total 86016K, used 674K [0x0000000082600000, 0x0000000087a00000, 0x00000000d6200000)
  object space 86016K, 0% used [0x0000000082600000,0x00000000826a8b88,0x0000000087a00000)
 Metaspace       used 13289K, capacity 13610K, committed 13824K, reserved 1060864K
  class space    used 1597K, capacity 1697K, committed 1792K, reserved 1048576K
}
Event: 1.189 GC heap before
{Heap before GC invocations=3 (full 0):
 PSYoungGen      total 37888K, used 37879K [0x00000000d6200000, 0x00000000d8c00000, 0x0000000100000000)
  eden space 32768K, 100% used [0x00000000d6200000,0x00000000d8200000,0x00000000d8200000)
  from space 5120K, 99% used [0x00000000d8700000,0x00000000d8bfddf8,0x00000000d8c00000)
  to   space 5120K, 0% used [0x00000000d8200000,0x00000000d8200000,0x00000000d8700000)
 ParOldGen       total 86016K, used 674K [0x0000000082600000, 0x0000000087a00000, 0x00000000d6200000)
  object space 86016K, 0% used [0x0000000082600000,0x00000000826a8b88,0x0000000087a00000)
 Metaspace       used 16638K, capacity 17128K, committed 17536K, reserved 1064960K
  class space    used 2171K, capacity 2312K, committed 2432K, reserved 1048576K
Event: 1.194 GC heap after
Heap after GC invocations=3 (full 0):
 PSYoungGen      total 37888K, used 5104K [0x00000000d6200000, 0x00000000dac00000, 0x0000000100000000)
  eden space 32768K, 0% used [0x00000000d6200000,0x00000000d6200000,0x00000000d8200000)
  from space 5120K, 99% used [0x00000000d8200000,0x00000000d86fc1f0,0x00000000d8700000)
  to   space 5120K, 0% used [0x00000000da700000,0x00000000da700000,0x00000000dac00000)
 ParOldGen       total 86016K, used 2233K [0x0000000082600000, 0x0000000087a00000, 0x00000000d6200000)
  object space 86016K, 2% used [0x0000000082600000,0x000000008282e670,0x0000000087a00000)
 Metaspace       used 16638K, capacity 17128K, committed 17536K, reserved 1064960K
  class space    used 2171K, capacity 2312K, committed 2432K, reserved 1048576K
}
Event: 1.368 GC heap before
{Heap before GC invocations=4 (full 0):
 PSYoungGen      total 37888K, used 37872K [0x00000000d6200000, 0x00000000dac00000, 0x0000000100000000)
  eden space 32768K, 100% used [0x00000000d6200000,0x00000000d8200000,0x00000000d8200000)
  from space 5120K, 99% used [0x00000000d8200000,0x00000000d86fc1f0,0x00000000d8700000)
  to   space 5120K, 0% used [0x00000000da700000,0x00000000da700000,0x00000000dac00000)
 ParOldGen       total 86016K, used 2233K [0x0000000082600000, 0x0000000087a00000, 0x00000000d6200000)
  object space 86016K, 2% used [0x0000000082600000,0x000000008282e670,0x0000000087a00000)
 Metaspace       used 20280K, capacity 20954K, committed 20992K, reserved 1067008K
  class space    used 2633K, capacity 2809K, committed 2816K, reserved 1048576K
Event: 1.374 GC heap after
Heap after GC invocations=4 (full 0):
 PSYoungGen      total 70656K, used 5096K [0x00000000d6200000, 0x00000000dac00000, 0x0000000100000000)
  eden space 65536K, 0% used [0x00000000d6200000,0x00000000d6200000,0x00000000da200000)
  from space 5120K, 99% used [0x00000000da700000,0x00000000dabfa200,0x00000000dac00000)
  to   space 5120K, 0% used [0x00000000da200000,0x00000000da200000,0x00000000da700000)
 ParOldGen       total 86016K, used 5355K [0x0000000082600000, 0x0000000087a00000, 0x00000000d6200000)
  object space 86016K, 6% used [0x0000000082600000,0x0000000082b3acb0,0x0000000087a00000)
 Metaspace       used 20280K, capacity 20954K, committed 20992K, reserved 1067008K
  class space    used 2633K, capacity 2809K, committed 2816K, reserved 1048576K
}
Event: 1.394 GC heap before
{Heap before GC invocations=5 (full 0):
 PSYoungGen      total 70656K, used 9063K [0x00000000d6200000, 0x00000000dac00000, 0x0000000100000000)
  eden space 65536K, 6% used [0x00000000d6200000,0x00000000d65dfa38,0x00000000da200000)
  from space 5120K, 99% used [0x00000000da700000,0x00000000dabfa200,0x00000000dac00000)
  to   space 5120K, 0% used [0x00000000da200000,0x00000000da200000,0x00000000da700000)
 ParOldGen       total 86016K, used 5355K [0x0000000082600000, 0x0000000087a00000, 0x00000000d6200000)
  object space 86016K, 6% used [0x0000000082600000,0x0000000082b3acb0,0x0000000087a00000)
 Metaspace       used 20659K, capacity 21244K, committed 21296K, reserved 1067008K
  class space    used 2672K, capacity 2842K, committed 2864K, reserved 1048576K
Event: 1.400 GC heap after
Heap after GC invocations=5 (full 0):
 PSYoungGen      total 70656K, used 5119K [0x00000000d6200000, 0x00000000df300000, 0x0000000100000000)
  eden space 65536K, 0% used [0x00000000d6200000,0x00000000d6200000,0x00000000da200000)
  from space 5120K, 99% used [0x00000000da200000,0x00000000da6fff28,0x00000000da700000)
  to   space 8704K, 0% used [0x00000000dea80000,0x00000000dea80000,0x00000000df300000)
 ParOldGen       total 86016K, used 5777K [0x0000000082600000, 0x0000000087a00000, 0x00000000d6200000)
  object space 86016K, 6% used [0x0000000082600000,0x0000000082ba47d0,0x0000000087a00000)
 Metaspace       used 20659K, capacity 21244K, committed 21296K, reserved 1067008K
  class space    used 2672K, capacity 2842K, committed 2864K, reserved 1048576K
}
Event: 1.400 GC heap before
{Heap before GC invocations=6 (full 1):
 PSYoungGen      total 70656K, used 5119K [0x00000000d6200000, 0x00000000df300000, 0x0000000100000000)
  eden space 65536K, 0% used [0x00000000d6200000,0x00000000d6200000,0x00000000da200000)
  from space 5120K, 99% used [0x00000000da200000,0x00000000da6fff28,0x00000000da700000)
  to   space 8704K, 0% used [0x00000000dea80000,0x00000000dea80000,0x00000000df300000)
 ParOldGen       total 86016K, used 5777K [0x0000000082600000, 0x0000000087a00000, 0x00000000d6200000)
  object space 86016K, 6% used [0x0000000082600000,0x0000000082ba47d0,0x0000000087a00000)
 Metaspace       used 20659K, capacity 21244K, committed 21296K, reserved 1067008K
  class space    used 2672K, capacity 2842K, committed 2864K, reserved 1048576K
Event: 1.424 GC heap after
Heap after GC invocations=6 (full 1):
 PSYoungGen      total 70656K, used 0K [0x00000000d6200000, 0x00000000df300000, 0x0000000100000000)
  eden space 65536K, 0% used [0x00000000d6200000,0x00000000d6200000,0x00000000da200000)
  from space 5120K, 0% used [0x00000000da200000,0x00000000da200000,0x00000000da700000)
  to   space 8704K, 0% used [0x00000000dea80000,0x00000000dea80000,0x00000000df300000)
 ParOldGen       total 48640K, used 5466K [0x0000000082600000, 0x0000000085580000, 0x00000000d6200000)
  object space 48640K, 11% used [0x0000000082600000,0x0000000082b56968,0x0000000085580000)
 Metaspace       used 20659K, capacity 21244K, committed 21296K, reserved 1067008K
  class space    used 2672K, capacity 2842K, committed 2864K, reserved 1048576K
}

